<?xml version="1.0" encoding="UTF-8"?>
<robot generator="Robot 5.0.1 (Python 3.10.5 on win32)" generated="20220626 14:36:13.168" rpa="false" schemaversion="3">
<suite id="s1" name="Registration" source="D:\POM\suites\registration.robot">
<test id="s1-t1" name="User Must Be Able to Login to URL" line="7">
<kw name="Open Browser Chrome" library="registration" type="SETUP">
<kw name="Open Browser" library="SeleniumLibrary">
<arg>browser=firefox</arg>
<arg>url=${HOMEPAGE_URL}</arg>
<doc>Opens a new browser instance to the optional ``url``.</doc>
<msg timestamp="20220626 14:36:13.666" level="INFO">Opening browser 'firefox' to base url 'http://automationpractice.com/index.php'.</msg>
<msg timestamp="20220626 14:36:13.669" level="INFO">Firefox driver log is always forced to to: D:\POM\geckodriver-9.log</msg>
<status status="PASS" starttime="20220626 14:36:13.665" endtime="20220626 14:36:36.187"/>
</kw>
<status status="PASS" starttime="20220626 14:36:13.664" endtime="20220626 14:36:36.187"/>
</kw>
<kw name="Verify Current Url Is Homepage Url" library="registration">
<doc>Verify current url is homepage url</doc>
<kw name="Location Should Be" library="SeleniumLibrary">
<arg>${HOMEPAGE_URL}</arg>
<doc>Verifies that the current URL is exactly ``url``.</doc>
<msg timestamp="20220626 14:36:36.197" level="INFO">Current location is 'http://automationpractice.com/index.php'.</msg>
<status status="PASS" starttime="20220626 14:36:36.190" endtime="20220626 14:36:36.197"/>
</kw>
<status status="PASS" starttime="20220626 14:36:36.189" endtime="20220626 14:36:36.198"/>
</kw>
<kw name="Verify Homepage Title Appears" library="registration">
<doc>Verify homepage title appears</doc>
<kw name="Element Should Be Visible" library="SeleniumLibrary">
<arg>${title_homepage1}</arg>
<doc>Verifies that the element identified by ``locator`` is visible.</doc>
<msg timestamp="20220626 14:36:36.280" level="INFO">Element '//*[@class="logo img-responsive"]' is displayed.</msg>
<status status="PASS" starttime="20220626 14:36:36.200" endtime="20220626 14:36:36.280"/>
</kw>
<status status="PASS" starttime="20220626 14:36:36.199" endtime="20220626 14:36:36.281"/>
</kw>
<kw name="Verify The login or registration page appears" library="registration">
<doc>Verify the login or registration page appears</doc>
<kw name="Click Element" library="SeleniumLibrary">
<arg>${title_signin}</arg>
<doc>Click the element identified by ``locator``.</doc>
<msg timestamp="20220626 14:36:36.282" level="INFO">Clicking element '//*[@class="login"]'.</msg>
<status status="PASS" starttime="20220626 14:36:36.282" endtime="20220626 14:36:40.004"/>
</kw>
<status status="PASS" starttime="20220626 14:36:36.281" endtime="20220626 14:36:40.005"/>
</kw>
<kw name="Input Email for Registration" library="registration">
<doc>input email for registration</doc>
<kw name="Input Text" library="SeleniumLibrary">
<arg>${input_email}</arg>
<arg>mysad88623@gmail.com</arg>
<doc>Types the given ``text`` into the text field identified by ``locator``.</doc>
<msg timestamp="20220626 14:36:40.010" level="INFO">Typing text 'mysad88623@gmail.com' into text field '//*[@id="email_create"]'.</msg>
<status status="PASS" starttime="20220626 14:36:40.009" endtime="20220626 14:36:40.134"/>
</kw>
<status status="PASS" starttime="20220626 14:36:40.008" endtime="20220626 14:36:40.135"/>
</kw>
<kw name="Click Button Create Account" library="registration">
<doc>click button create account</doc>
<kw name="Click Element" library="SeleniumLibrary">
<arg>${button_create}</arg>
<doc>Click the element identified by ``locator``.</doc>
<msg timestamp="20220626 14:36:40.138" level="INFO">Clicking element '//*[@id="SubmitCreate"]'.</msg>
<status status="PASS" starttime="20220626 14:36:40.137" endtime="20220626 14:36:40.519"/>
</kw>
<kw name="Sleep" library="BuiltIn">
<arg>5s</arg>
<doc>Pauses the test executed for the given time.</doc>
<msg timestamp="20220626 14:36:45.527" level="INFO">Slept 5 seconds</msg>
<status status="PASS" starttime="20220626 14:36:40.519" endtime="20220626 14:36:45.527"/>
</kw>
<status status="PASS" starttime="20220626 14:36:40.136" endtime="20220626 14:36:45.528"/>
</kw>
<kw name="Verify Text Your personal information" library="registration">
<kw name="Element Should Be Visible" library="SeleniumLibrary">
<arg>${page}</arg>
<doc>Verifies that the element identified by ``locator`` is visible.</doc>
<msg timestamp="20220626 14:36:45.591" level="INFO">Element '(//*[contains(@class,"page-subheading")])[1]' is displayed.</msg>
<status status="PASS" starttime="20220626 14:36:45.532" endtime="20220626 14:36:45.592"/>
</kw>
<status status="PASS" starttime="20220626 14:36:45.530" endtime="20220626 14:36:45.592"/>
</kw>
<kw name="Click Title Mr" library="registration">
<kw name="Click Element" library="SeleniumLibrary">
<arg>${gender}</arg>
<doc>Click the element identified by ``locator``.</doc>
<msg timestamp="20220626 14:36:45.594" level="INFO">Clicking element '//*[@id="id_gender1"]'.</msg>
<status status="PASS" starttime="20220626 14:36:45.594" endtime="20220626 14:36:45.857"/>
</kw>
<status status="PASS" starttime="20220626 14:36:45.593" endtime="20220626 14:36:45.857"/>
</kw>
<kw name="Input Firstname" library="registration">
<kw name="Input Text" library="SeleniumLibrary">
<arg>${firstname}</arg>
<arg>muhammad</arg>
<doc>Types the given ``text`` into the text field identified by ``locator``.</doc>
<msg timestamp="20220626 14:36:45.862" level="INFO">Typing text 'muhammad' into text field '//*[@id="customer_firstname"]'.</msg>
<status status="PASS" starttime="20220626 14:36:45.861" endtime="20220626 14:36:45.946"/>
</kw>
<status status="PASS" starttime="20220626 14:36:45.859" endtime="20220626 14:36:45.947"/>
</kw>
<kw name="Input Lastname" library="registration">
<kw name="Input Text" library="SeleniumLibrary">
<arg>${lastname}</arg>
<arg>yusuf</arg>
<doc>Types the given ``text`` into the text field identified by ``locator``.</doc>
<msg timestamp="20220626 14:36:45.952" level="INFO">Typing text 'yusuf' into text field '//*[@id="customer_lastname"]'.</msg>
<status status="PASS" starttime="20220626 14:36:45.951" endtime="20220626 14:36:46.022"/>
</kw>
<status status="PASS" starttime="20220626 14:36:45.949" endtime="20220626 14:36:46.023"/>
</kw>
<kw name="Input Password" library="registration">
<kw name="Input Text" library="SeleniumLibrary">
<arg>${input_pass}</arg>
<arg>test1234</arg>
<doc>Types the given ``text`` into the text field identified by ``locator``.</doc>
<msg timestamp="20220626 14:36:46.026" level="INFO">Typing text 'test1234' into text field '//*[@id="passwd"]'.</msg>
<status status="PASS" starttime="20220626 14:36:46.025" endtime="20220626 14:36:46.116"/>
</kw>
<status status="PASS" starttime="20220626 14:36:46.024" endtime="20220626 14:36:46.116"/>
</kw>
<kw name="Input Address" library="registration">
<kw name="Input Text" library="SeleniumLibrary">
<arg>${address}</arg>
<arg>Apaaja Street P.O.Box 12131 Bogor</arg>
<doc>Types the given ``text`` into the text field identified by ``locator``.</doc>
<msg timestamp="20220626 14:36:46.118" level="INFO">Typing text 'Apaaja Street P.O.Box 12131 Bogor' into text field '//*[@id="address1"]'.</msg>
<status status="PASS" starttime="20220626 14:36:46.118" endtime="20220626 14:36:46.225"/>
</kw>
<status status="PASS" starttime="20220626 14:36:46.117" endtime="20220626 14:36:46.225"/>
</kw>
<kw name="Input City" library="registration">
<kw name="Input Text" library="SeleniumLibrary">
<arg>${city}</arg>
<arg>jakarta</arg>
<doc>Types the given ``text`` into the text field identified by ``locator``.</doc>
<msg timestamp="20220626 14:36:46.227" level="INFO">Typing text 'jakarta' into text field '//*[@id="city"]'.</msg>
<status status="PASS" starttime="20220626 14:36:46.227" endtime="20220626 14:36:46.300"/>
</kw>
<kw name="Wait Until Element Is Visible" library="SeleniumLibrary">
<arg>${city}</arg>
<doc>Waits until the element ``locator`` is visible.</doc>
<status status="PASS" starttime="20220626 14:36:46.300" endtime="20220626 14:36:46.335"/>
</kw>
<status status="PASS" starttime="20220626 14:36:46.226" endtime="20220626 14:36:46.335"/>
</kw>
<kw name="Click Picklist State" library="registration">
<kw name="Element Should Not Be Visible" library="SeleniumLibrary">
<arg>${state}</arg>
<doc>Verifies that the element identified by ``locator`` is NOT visible.</doc>
<msg timestamp="20220626 14:36:46.400" level="INFO">Element '//select[@id="id_state"]' exists but is not displayed.</msg>
<status status="PASS" starttime="20220626 14:36:46.337" endtime="20220626 14:36:46.400"/>
</kw>
<kw name="Select From List By Index" library="SeleniumLibrary">
<arg>${state}</arg>
<arg>1</arg>
<doc>Selects options from selection list ``locator`` by ``indexes``.</doc>
<msg timestamp="20220626 14:36:46.401" level="INFO">Selecting options from selection list '//select[@id="id_state"]' by index 1.</msg>
<status status="PASS" starttime="20220626 14:36:46.401" endtime="20220626 14:36:46.716"/>
</kw>
<status status="PASS" starttime="20220626 14:36:46.336" endtime="20220626 14:36:46.717"/>
</kw>
<kw name="Input ZIP/POSTALCODE" library="registration">
<kw name="Input Text" library="SeleniumLibrary">
<arg>${postcode}</arg>
<arg>12311</arg>
<doc>Types the given ``text`` into the text field identified by ``locator``.</doc>
<msg timestamp="20220626 14:36:46.723" level="INFO">Typing text '12311' into text field '//*[@id="postcode"]'.</msg>
<status status="PASS" starttime="20220626 14:36:46.721" endtime="20220626 14:36:46.803"/>
</kw>
<status status="PASS" starttime="20220626 14:36:46.720" endtime="20220626 14:36:46.803"/>
</kw>
<kw name="Click Picklist Country" library="registration">
<kw name="Element Should Not Be Visible" library="SeleniumLibrary">
<arg>${country}</arg>
<doc>Verifies that the element identified by ``locator`` is NOT visible.</doc>
<msg timestamp="20220626 14:36:46.838" level="INFO">Element '//select[@id="id_country"]' exists but is not displayed.</msg>
<status status="PASS" starttime="20220626 14:36:46.805" endtime="20220626 14:36:46.838"/>
</kw>
<kw name="Select From List By Index" library="SeleniumLibrary">
<arg>${country}</arg>
<arg>1</arg>
<doc>Selects options from selection list ``locator`` by ``indexes``.</doc>
<msg timestamp="20220626 14:36:46.839" level="INFO">Selecting options from selection list '//select[@id="id_country"]' by index 1.</msg>
<status status="PASS" starttime="20220626 14:36:46.838" endtime="20220626 14:36:46.914"/>
</kw>
<status status="PASS" starttime="20220626 14:36:46.804" endtime="20220626 14:36:46.914"/>
</kw>
<kw name="Input Mobile Phone Number" library="registration">
<kw name="Input Text" library="SeleniumLibrary">
<arg>${phone}</arg>
<arg>12138123</arg>
<doc>Types the given ``text`` into the text field identified by ``locator``.</doc>
<msg timestamp="20220626 14:36:46.916" level="INFO">Typing text '12138123' into text field '//*[@id="phone_mobile"]'.</msg>
<status status="PASS" starttime="20220626 14:36:46.916" endtime="20220626 14:36:47.021"/>
</kw>
<status status="PASS" starttime="20220626 14:36:46.915" endtime="20220626 14:36:47.021"/>
</kw>
<kw name="Click Register" library="registration">
<kw name="Click Element" library="SeleniumLibrary">
<arg>${submit_acc}</arg>
<doc>Click the element identified by ``locator``.</doc>
<msg timestamp="20220626 14:36:47.025" level="INFO">Clicking element '//*[@id="submitAccount"]'.</msg>
<status status="PASS" starttime="20220626 14:36:47.024" endtime="20220626 14:36:49.490"/>
</kw>
<status status="PASS" starttime="20220626 14:36:47.023" endtime="20220626 14:36:49.492"/>
</kw>
<kw name="Verify Page Success Registration" library="registration">
<kw name="Element Should Be Visible" library="SeleniumLibrary">
<arg>${page_success}</arg>
<doc>Verifies that the element identified by ``locator`` is visible.</doc>
<msg timestamp="20220626 14:36:49.557" level="INFO">Element '//*[@class="account"]' is displayed.</msg>
<status status="PASS" starttime="20220626 14:36:49.496" endtime="20220626 14:36:49.557"/>
</kw>
<status status="PASS" starttime="20220626 14:36:49.495" endtime="20220626 14:36:49.557"/>
</kw>
<kw name="Close Browser" library="SeleniumLibrary" type="TEARDOWN">
<doc>Closes the current browser.</doc>
<status status="PASS" starttime="20220626 14:36:49.562" endtime="20220626 14:36:51.764"/>
</kw>
<doc>Test to verify that the user can Registration successfully</doc>
<status status="PASS" starttime="20220626 14:36:13.662" endtime="20220626 14:36:51.766"/>
</test>
<doc>Registration test cases</doc>
<status status="PASS" starttime="20220626 14:36:13.172" endtime="20220626 14:36:51.770"/>
</suite>
<statistics>
<total>
<stat pass="1" fail="0" skip="0">All Tests</stat>
</total>
<tag>
</tag>
<suite>
<stat pass="1" fail="0" skip="0" id="s1" name="Registration">Registration</stat>
</suite>
</statistics>
<errors>
</errors>
</robot>
